<?xml version="1.0" encoding="UTF-8"?>
<!-- Generated by org.testng.reporters.JUnitReportReporter -->
<testsuite hostname="TYSS-Akshay" failures="0" tests="3" name="Tests.StandAloneTest" time="45.884" errors="0" timestamp="2025-03-17T22:54:54 IST" skipped="0">
  <testcase classname="Tests.StandAloneTest" name="submitOrder" time="17.424"/>
  <testcase classname="Tests.StandAloneTest" name="submitOrder" time="19.166"/>
  <testcase classname="Tests.StandAloneTest" name="OrderHistoryTest" time="9.294"/>
</testsuite> <!-- Tests.StandAloneTest -->
