<?xml version="1.0" encoding="UTF-8"?>
<!-- Generated by org.testng.reporters.JUnitReportReporter -->
<testsuite hostname="TYSS-Akshay" failures="0" tests="1" name="Akshay_M.ExtentReports.ExtentRepotDemo" time="8.296" errors="0" timestamp="2025-03-15T17:15:44 IST" skipped="0">
  <testcase classname="Akshay_M.ExtentReports.ExtentRepotDemo" name="initialDemo" time="8.296"/>
  <system-out/>
</testsuite> <!-- Akshay_M.ExtentReports.ExtentRepotDemo -->
